1736026696.502388 client started (74589): version 3.2a, socket /tmp/tmux-1000/default, protocol 8
1736026696.502413 on Linux 5.15.167.4-microsoft-standard-WSL2 #1 SMP Tue Nov 5 00:21:55 UTC 2024
1736026696.502418 using libevent 2.1.12-stable (poll); ncurses 6.3
1736026696.502430 flags are 0x18010000
1736026696.502434 socket is /tmp/tmux-1000/default
1736026696.502442 trying connect
1736026696.502455 connect failed: Connection refused
1736026696.502462 lock file is /tmp/tmux-1000/default.lock
1736026696.502488 flock succeeded
1736026696.502492 got lock (6)
1736026696.502497 trying connect
1736026696.502503 connect failed: Connection refused
1736026696.502663 add peer 0x5600e7fb8e30: 7 ((nil))
1736026696.502944 sending message 100 to peer 0x5600e7fb8e30 (4 bytes)
1736026696.502953 sending message 111 to peer 0x5600e7fb8e30 (8 bytes)
1736026696.502958 sending message 101 to peer 0x5600e7fb8e30 (15 bytes)
1736026696.502962 sending message 109 to peer 0x5600e7fb8e30 (4 bytes)
1736026696.502966 sending message 102 to peer 0x5600e7fb8e30 (11 bytes)
1736026696.502970 sending message 108 to peer 0x5600e7fb8e30 (34 bytes)
1736026696.502974 sending message 112 to peer 0x5600e7fb8e30 (58 bytes)
1736026696.502978 sending message 112 to peer 0x5600e7fb8e30 (5 bytes)
1736026696.502982 sending message 112 to peer 0x5600e7fb8e30 (5 bytes)
1736026696.502986 sending message 112 to peer 0x5600e7fb8e30 (6 bytes)
1736026696.502990 sending message 112 to peer 0x5600e7fb8e30 (6 bytes)
1736026696.502993 sending message 112 to peer 0x5600e7fb8e30 (11 bytes)
1736026696.502997 sending message 112 to peer 0x5600e7fb8e30 (10 bytes)
1736026696.503001 sending message 112 to peer 0x5600e7fb8e30 (13 bytes)
1736026696.503006 sending message 112 to peer 0x5600e7fb8e30 (14 bytes)
1736026696.503010 sending message 112 to peer 0x5600e7fb8e30 (19 bytes)
1736026696.503014 sending message 112 to peer 0x5600e7fb8e30 (11 bytes)
1736026696.503018 sending message 112 to peer 0x5600e7fb8e30 (10 bytes)
1736026696.503021 sending message 112 to peer 0x5600e7fb8e30 (15 bytes)
1736026696.503025 sending message 112 to peer 0x5600e7fb8e30 (21 bytes)
1736026696.503029 sending message 112 to peer 0x5600e7fb8e30 (13 bytes)
1736026696.503033 sending message 112 to peer 0x5600e7fb8e30 (7 bytes)
1736026696.503037 sending message 112 to peer 0x5600e7fb8e30 (13 bytes)
1736026696.503041 sending message 112 to peer 0x5600e7fb8e30 (7 bytes)
1736026696.503045 sending message 112 to peer 0x5600e7fb8e30 (13 bytes)
1736026696.503049 sending message 112 to peer 0x5600e7fb8e30 (9 bytes)
1736026696.503053 sending message 112 to peer 0x5600e7fb8e30 (21 bytes)
1736026696.503057 sending message 112 to peer 0x5600e7fb8e30 (13 bytes)
1736026696.503061 sending message 112 to peer 0x5600e7fb8e30 (9 bytes)
1736026696.503065 sending message 112 to peer 0x5600e7fb8e30 (16 bytes)
1736026696.503069 sending message 112 to peer 0x5600e7fb8e30 (13 bytes)
1736026696.503073 sending message 112 to peer 0x5600e7fb8e30 (9 bytes)
1736026696.503077 sending message 112 to peer 0x5600e7fb8e30 (9 bytes)
1736026696.503081 sending message 112 to peer 0x5600e7fb8e30 (12 bytes)
1736026696.503085 sending message 112 to peer 0x5600e7fb8e30 (8 bytes)
1736026696.503089 sending message 112 to peer 0x5600e7fb8e30 (8 bytes)
1736026696.503093 sending message 112 to peer 0x5600e7fb8e30 (13 bytes)
1736026696.503097 sending message 112 to peer 0x5600e7fb8e30 (7 bytes)
1736026696.503102 sending message 112 to peer 0x5600e7fb8e30 (7 bytes)
1736026696.503106 sending message 112 to peer 0x5600e7fb8e30 (9 bytes)
1736026696.503110 sending message 112 to peer 0x5600e7fb8e30 (9 bytes)
1736026696.503113 sending message 112 to peer 0x5600e7fb8e30 (15 bytes)
1736026696.503117 sending message 112 to peer 0x5600e7fb8e30 (13 bytes)
1736026696.503121 sending message 112 to peer 0x5600e7fb8e30 (12 bytes)
1736026696.503125 sending message 112 to peer 0x5600e7fb8e30 (8 bytes)
1736026696.503129 sending message 112 to peer 0x5600e7fb8e30 (14 bytes)
1736026696.503133 sending message 112 to peer 0x5600e7fb8e30 (11 bytes)
1736026696.503137 sending message 112 to peer 0x5600e7fb8e30 (9 bytes)
1736026696.503147 sending message 112 to peer 0x5600e7fb8e30 (10 bytes)
1736026696.503151 sending message 112 to peer 0x5600e7fb8e30 (10 bytes)
1736026696.503155 sending message 112 to peer 0x5600e7fb8e30 (10 bytes)
1736026696.503159 sending message 112 to peer 0x5600e7fb8e30 (10 bytes)
1736026696.503162 sending message 112 to peer 0x5600e7fb8e30 (11 bytes)
1736026696.503166 sending message 112 to peer 0x5600e7fb8e30 (12 bytes)
1736026696.503170 sending message 112 to peer 0x5600e7fb8e30 (12 bytes)
1736026696.503174 sending message 112 to peer 0x5600e7fb8e30 (12 bytes)
1736026696.503178 sending message 112 to peer 0x5600e7fb8e30 (12 bytes)
1736026696.503182 sending message 112 to peer 0x5600e7fb8e30 (12 bytes)
1736026696.503186 sending message 112 to peer 0x5600e7fb8e30 (11 bytes)
1736026696.503190 sending message 112 to peer 0x5600e7fb8e30 (11 bytes)
1736026696.503194 sending message 112 to peer 0x5600e7fb8e30 (12 bytes)
1736026696.503198 sending message 112 to peer 0x5600e7fb8e30 (12 bytes)
1736026696.503202 sending message 112 to peer 0x5600e7fb8e30 (12 bytes)
1736026696.503206 sending message 112 to peer 0x5600e7fb8e30 (12 bytes)
1736026696.503210 sending message 112 to peer 0x5600e7fb8e30 (12 bytes)
1736026696.503214 sending message 112 to peer 0x5600e7fb8e30 (9 bytes)
1736026696.503218 sending message 112 to peer 0x5600e7fb8e30 (12 bytes)
1736026696.503222 sending message 112 to peer 0x5600e7fb8e30 (13 bytes)
1736026696.503226 sending message 112 to peer 0x5600e7fb8e30 (13 bytes)
1736026696.503230 sending message 112 to peer 0x5600e7fb8e30 (13 bytes)
1736026696.503233 sending message 112 to peer 0x5600e7fb8e30 (13 bytes)
1736026696.503237 sending message 112 to peer 0x5600e7fb8e30 (13 bytes)
1736026696.503241 sending message 112 to peer 0x5600e7fb8e30 (8 bytes)
1736026696.503245 sending message 112 to peer 0x5600e7fb8e30 (11 bytes)
1736026696.503249 sending message 112 to peer 0x5600e7fb8e30 (11 bytes)
1736026696.503253 sending message 112 to peer 0x5600e7fb8e30 (11 bytes)
1736026696.503257 sending message 112 to peer 0x5600e7fb8e30 (12 bytes)
1736026696.503261 sending message 112 to peer 0x5600e7fb8e30 (12 bytes)
1736026696.503265 sending message 112 to peer 0x5600e7fb8e30 (12 bytes)
1736026696.503269 sending message 112 to peer 0x5600e7fb8e30 (12 bytes)
1736026696.503273 sending message 112 to peer 0x5600e7fb8e30 (13 bytes)
1736026696.503277 sending message 112 to peer 0x5600e7fb8e30 (13 bytes)
1736026696.503280 sending message 112 to peer 0x5600e7fb8e30 (13 bytes)
1736026696.503285 sending message 112 to peer 0x5600e7fb8e30 (8 bytes)
1736026696.503289 sending message 112 to peer 0x5600e7fb8e30 (13 bytes)
1736026696.503293 sending message 112 to peer 0x5600e7fb8e30 (13 bytes)
1736026696.503297 sending message 112 to peer 0x5600e7fb8e30 (13 bytes)
1736026696.503301 sending message 112 to peer 0x5600e7fb8e30 (13 bytes)
1736026696.503305 sending message 112 to peer 0x5600e7fb8e30 (13 bytes)
1736026696.503308 sending message 112 to peer 0x5600e7fb8e30 (12 bytes)
1736026696.503312 sending message 112 to peer 0x5600e7fb8e30 (12 bytes)
1736026696.503316 sending message 112 to peer 0x5600e7fb8e30 (12 bytes)
1736026696.503320 sending message 112 to peer 0x5600e7fb8e30 (12 bytes)
1736026696.503324 sending message 112 to peer 0x5600e7fb8e30 (13 bytes)
1736026696.503328 sending message 112 to peer 0x5600e7fb8e30 (8 bytes)
1736026696.503332 sending message 112 to peer 0x5600e7fb8e30 (13 bytes)
1736026696.503336 sending message 112 to peer 0x5600e7fb8e30 (13 bytes)
1736026696.503340 sending message 112 to peer 0x5600e7fb8e30 (13 bytes)
1736026696.503344 sending message 112 to peer 0x5600e7fb8e30 (13 bytes)
1736026696.503348 sending message 112 to peer 0x5600e7fb8e30 (13 bytes)
1736026696.503352 sending message 112 to peer 0x5600e7fb8e30 (13 bytes)
1736026696.503355 sending message 112 to peer 0x5600e7fb8e30 (13 bytes)
1736026696.503359 sending message 112 to peer 0x5600e7fb8e30 (12 bytes)
1736026696.503363 sending message 112 to peer 0x5600e7fb8e30 (12 bytes)
1736026696.503367 sending message 112 to peer 0x5600e7fb8e30 (12 bytes)
1736026696.503375 sending message 112 to peer 0x5600e7fb8e30 (8 bytes)
1736026696.503379 sending message 112 to peer 0x5600e7fb8e30 (12 bytes)
1736026696.503383 sending message 112 to peer 0x5600e7fb8e30 (13 bytes)
1736026696.503386 sending message 112 to peer 0x5600e7fb8e30 (13 bytes)
1736026696.503390 sending message 112 to peer 0x5600e7fb8e30 (13 bytes)
1736026696.503394 sending message 112 to peer 0x5600e7fb8e30 (13 bytes)
1736026696.503398 sending message 112 to peer 0x5600e7fb8e30 (13 bytes)
1736026696.503402 sending message 112 to peer 0x5600e7fb8e30 (13 bytes)
1736026696.503406 sending message 112 to peer 0x5600e7fb8e30 (13 bytes)
1736026696.503410 sending message 112 to peer 0x5600e7fb8e30 (13 bytes)
1736026696.503414 sending message 112 to peer 0x5600e7fb8e30 (12 bytes)
1736026696.503418 sending message 112 to peer 0x5600e7fb8e30 (10 bytes)
1736026696.503422 sending message 112 to peer 0x5600e7fb8e30 (12 bytes)
1736026696.503426 sending message 112 to peer 0x5600e7fb8e30 (12 bytes)
1736026696.503430 sending message 112 to peer 0x5600e7fb8e30 (12 bytes)
1736026696.503434 sending message 112 to peer 0x5600e7fb8e30 (13 bytes)
1736026696.503437 sending message 112 to peer 0x5600e7fb8e30 (13 bytes)
1736026696.503441 sending message 112 to peer 0x5600e7fb8e30 (13 bytes)
1736026696.503445 sending message 112 to peer 0x5600e7fb8e30 (13 bytes)
1736026696.503449 sending message 112 to peer 0x5600e7fb8e30 (13 bytes)
1736026696.503453 sending message 112 to peer 0x5600e7fb8e30 (13 bytes)
1736026696.503457 sending message 112 to peer 0x5600e7fb8e30 (13 bytes)
1736026696.503461 sending message 112 to peer 0x5600e7fb8e30 (10 bytes)
1736026696.503465 sending message 112 to peer 0x5600e7fb8e30 (13 bytes)
1736026696.503469 sending message 112 to peer 0x5600e7fb8e30 (12 bytes)
1736026696.503473 sending message 112 to peer 0x5600e7fb8e30 (12 bytes)
1736026696.503476 sending message 112 to peer 0x5600e7fb8e30 (12 bytes)
1736026696.503480 sending message 112 to peer 0x5600e7fb8e30 (10 bytes)
1736026696.503484 sending message 112 to peer 0x5600e7fb8e30 (10 bytes)
1736026696.503488 sending message 112 to peer 0x5600e7fb8e30 (10 bytes)
1736026696.503492 sending message 112 to peer 0x5600e7fb8e30 (12 bytes)
1736026696.503496 sending message 112 to peer 0x5600e7fb8e30 (13 bytes)
1736026696.503500 sending message 112 to peer 0x5600e7fb8e30 (13 bytes)
1736026696.503504 sending message 112 to peer 0x5600e7fb8e30 (13 bytes)
1736026696.503508 sending message 112 to peer 0x5600e7fb8e30 (13 bytes)
1736026696.503512 sending message 112 to peer 0x5600e7fb8e30 (13 bytes)
1736026696.503516 sending message 112 to peer 0x5600e7fb8e30 (10 bytes)
1736026696.503520 sending message 112 to peer 0x5600e7fb8e30 (11 bytes)
1736026696.503524 sending message 112 to peer 0x5600e7fb8e30 (12 bytes)
1736026696.503527 sending message 112 to peer 0x5600e7fb8e30 (12 bytes)
1736026696.503531 sending message 112 to peer 0x5600e7fb8e30 (12 bytes)
1736026696.503535 sending message 112 to peer 0x5600e7fb8e30 (12 bytes)
1736026696.503539 sending message 112 to peer 0x5600e7fb8e30 (12 bytes)
1736026696.503543 sending message 112 to peer 0x5600e7fb8e30 (11 bytes)
1736026696.503547 sending message 112 to peer 0x5600e7fb8e30 (12 bytes)
1736026696.503551 sending message 112 to peer 0x5600e7fb8e30 (12 bytes)
1736026696.503555 sending message 112 to peer 0x5600e7fb8e30 (13 bytes)
1736026696.503559 sending message 112 to peer 0x5600e7fb8e30 (13 bytes)
1736026696.503563 sending message 112 to peer 0x5600e7fb8e30 (13 bytes)
1736026696.503567 sending message 112 to peer 0x5600e7fb8e30 (13 bytes)
1736026696.503570 sending message 112 to peer 0x5600e7fb8e30 (13 bytes)
1736026696.503574 sending message 112 to peer 0x5600e7fb8e30 (10 bytes)
1736026696.503578 sending message 112 to peer 0x5600e7fb8e30 (9 bytes)
1736026696.503582 sending message 112 to peer 0x5600e7fb8e30 (12 bytes)
1736026696.503586 sending message 112 to peer 0x5600e7fb8e30 (13 bytes)
1736026696.503590 sending message 112 to peer 0x5600e7fb8e30 (13 bytes)
1736026696.503594 sending message 112 to peer 0x5600e7fb8e30 (13 bytes)
1736026696.503602 sending message 112 to peer 0x5600e7fb8e30 (13 bytes)
1736026696.503606 sending message 112 to peer 0x5600e7fb8e30 (13 bytes)
1736026696.503610 sending message 112 to peer 0x5600e7fb8e30 (9 bytes)
1736026696.503614 sending message 112 to peer 0x5600e7fb8e30 (12 bytes)
1736026696.503618 sending message 112 to peer 0x5600e7fb8e30 (13 bytes)
1736026696.503622 sending message 112 to peer 0x5600e7fb8e30 (13 bytes)
1736026696.503625 sending message 112 to peer 0x5600e7fb8e30 (13 bytes)
1736026696.503629 sending message 112 to peer 0x5600e7fb8e30 (13 bytes)
1736026696.503634 sending message 112 to peer 0x5600e7fb8e30 (13 bytes)
1736026696.503637 sending message 112 to peer 0x5600e7fb8e30 (11 bytes)
1736026696.503641 sending message 112 to peer 0x5600e7fb8e30 (12 bytes)
1736026696.503645 sending message 112 to peer 0x5600e7fb8e30 (13 bytes)
1736026696.503650 sending message 112 to peer 0x5600e7fb8e30 (13 bytes)
1736026696.503653 sending message 112 to peer 0x5600e7fb8e30 (13 bytes)
1736026696.503657 sending message 112 to peer 0x5600e7fb8e30 (13 bytes)
1736026696.503661 sending message 112 to peer 0x5600e7fb8e30 (13 bytes)
1736026696.503667 sending message 112 to peer 0x5600e7fb8e30 (11 bytes)
1736026696.503671 sending message 112 to peer 0x5600e7fb8e30 (12 bytes)
1736026696.503675 sending message 112 to peer 0x5600e7fb8e30 (12 bytes)
1736026696.503678 sending message 112 to peer 0x5600e7fb8e30 (12 bytes)
1736026696.503682 sending message 112 to peer 0x5600e7fb8e30 (12 bytes)
1736026696.503686 sending message 112 to peer 0x5600e7fb8e30 (12 bytes)
1736026696.503690 sending message 112 to peer 0x5600e7fb8e30 (21 bytes)
1736026696.503694 sending message 112 to peer 0x5600e7fb8e30 (12 bytes)
1736026696.503698 sending message 112 to peer 0x5600e7fb8e30 (9 bytes)
1736026696.503702 sending message 112 to peer 0x5600e7fb8e30 (6 bytes)
1736026696.503706 sending message 112 to peer 0x5600e7fb8e30 (13 bytes)
1736026696.503709 sending message 112 to peer 0x5600e7fb8e30 (10 bytes)
1736026696.503713 sending message 112 to peer 0x5600e7fb8e30 (24 bytes)
1736026696.503717 sending message 112 to peer 0x5600e7fb8e30 (13 bytes)
1736026696.503721 sending message 112 to peer 0x5600e7fb8e30 (9 bytes)
1736026696.503725 sending message 112 to peer 0x5600e7fb8e30 (70 bytes)
1736026696.503730 sending message 112 to peer 0x5600e7fb8e30 (69 bytes)
1736026696.503735 sending message 112 to peer 0x5600e7fb8e30 (12 bytes)
1736026696.503739 sending message 112 to peer 0x5600e7fb8e30 (10 bytes)
1736026696.503743 sending message 112 to peer 0x5600e7fb8e30 (10 bytes)
1736026696.503747 sending message 112 to peer 0x5600e7fb8e30 (24 bytes)
1736026696.503750 sending message 112 to peer 0x5600e7fb8e30 (13 bytes)
1736026696.503754 sending message 112 to peer 0x5600e7fb8e30 (10 bytes)
1736026696.503758 sending message 112 to peer 0x5600e7fb8e30 (10 bytes)
1736026696.503762 sending message 112 to peer 0x5600e7fb8e30 (10 bytes)
1736026696.503766 sending message 112 to peer 0x5600e7fb8e30 (13 bytes)
1736026696.503770 sending message 112 to peer 0x5600e7fb8e30 (15 bytes)
1736026696.503774 sending message 112 to peer 0x5600e7fb8e30 (5 bytes)
1736026696.503778 sending message 104 to peer 0x5600e7fb8e30 (0 bytes)
1736026696.503782 sending message 110 to peer 0x5600e7fb8e30 (0 bytes)
1736026696.503787 sending message 107 to peer 0x5600e7fb8e30 (4 bytes)
1736026696.503791 sending message 105 to peer 0x5600e7fb8e30 (16 bytes)
1736026696.503817 sending message 105 to peer 0x5600e7fb8e30 (24 bytes)
1736026696.503822 sending message 105 to peer 0x5600e7fb8e30 (23 bytes)
1736026696.503828 sending message 105 to peer 0x5600e7fb8e30 (48 bytes)
1736026696.503832 sending message 105 to peer 0x5600e7fb8e30 (48 bytes)
1736026696.503837 sending message 105 to peer 0x5600e7fb8e30 (20 bytes)
1736026696.503840 sending message 105 to peer 0x5600e7fb8e30 (21 bytes)
1736026696.503844 sending message 105 to peer 0x5600e7fb8e30 (38 bytes)
1736026696.503848 sending message 105 to peer 0x5600e7fb8e30 (16 bytes)
1736026696.503852 sending message 105 to peer 0x5600e7fb8e30 (19 bytes)
1736026696.503861 sending message 105 to peer 0x5600e7fb8e30 (13 bytes)
1736026696.503865 sending message 105 to peer 0x5600e7fb8e30 (35 bytes)
1736026696.503869 sending message 105 to peer 0x5600e7fb8e30 (1519 bytes)
1736026696.503882 sending message 105 to peer 0x5600e7fb8e30 (26 bytes)
1736026696.503886 sending message 105 to peer 0x5600e7fb8e30 (34 bytes)
1736026696.503890 sending message 105 to peer 0x5600e7fb8e30 (20 bytes)
1736026696.503894 sending message 105 to peer 0x5600e7fb8e30 (32 bytes)
1736026696.503898 sending message 105 to peer 0x5600e7fb8e30 (13 bytes)
1736026696.503902 sending message 105 to peer 0x5600e7fb8e30 (11 bytes)
1736026696.503906 sending message 105 to peer 0x5600e7fb8e30 (8 bytes)
1736026696.503910 sending message 105 to peer 0x5600e7fb8e30 (147 bytes)
1736026696.503914 sending message 105 to peer 0x5600e7fb8e30 (32 bytes)
1736026696.503918 sending message 105 to peer 0x5600e7fb8e30 (33 bytes)
1736026696.503922 sending message 105 to peer 0x5600e7fb8e30 (65 bytes)
1736026696.503926 sending message 105 to peer 0x5600e7fb8e30 (1910 bytes)
1736026696.503931 sending message 105 to peer 0x5600e7fb8e30 (54 bytes)
1736026696.503935 sending message 105 to peer 0x5600e7fb8e30 (16 bytes)
1736026696.503939 sending message 105 to peer 0x5600e7fb8e30 (40 bytes)
1736026696.503943 sending message 105 to peer 0x5600e7fb8e30 (53 bytes)
1736026696.503947 sending message 105 to peer 0x5600e7fb8e30 (16 bytes)
1736026696.503951 sending message 105 to peer 0x5600e7fb8e30 (21 bytes)
1736026696.503955 sending message 106 to peer 0x5600e7fb8e30 (0 bytes)
1736026696.503961 sending message 200 to peer 0x5600e7fb8e30 (4 bytes)
1736026696.503965 client loop enter
1736026696.503996 client_signal: Child exited
1736026696.558325 peer 0x5600e7fb8e30 message 207
1736026696.558344 sending message 208 to peer 0x5600e7fb8e30 (0 bytes)
1736026699.863033 peer 0x5600e7fb8e30 message 203
1736026699.863045 sending message 205 to peer 0x5600e7fb8e30 (0 bytes)
1736026699.863357 peer 0x5600e7fb8e30 message 204
1736026699.863385 client loop exit
